<html>
<head>
<title>TestNG:  testNGTest</title>
<link href="../testng.css" rel="stylesheet" type="text/css" />
<link href="../my-testng.css" rel="stylesheet" type="text/css" />

<style type="text/css">
.log { display: none;} 
.stack-trace { display: none;} 
</style>
<script type="text/javascript">
<!--
function flip(e) {
  current = e.style.display;
  if (current == 'block') {
    e.style.display = 'none';
    return 0;
  }
  else {
    e.style.display = 'block';
    return 1;
  }
}

function toggleBox(szDivId, elem, msg1, msg2)
{
  var res = -1;  if (document.getElementById) {
    res = flip(document.getElementById(szDivId));
  }
  else if (document.all) {
    // this is the way old msie versions work
    res = flip(document.all[szDivId]);
  }
  if(elem) {
    if(res == 0) elem.innerHTML = msg1; else elem.innerHTML = msg2;
  }

}

function toggleAllBoxes() {
  if (document.getElementsByTagName) {
    d = document.getElementsByTagName('div');
    for (i = 0; i < d.length; i++) {
      if (d[i].className == 'log') {
        flip(d[i]);
      }
    }
  }
}

// -->
</script>

</head>
<body>
<h2 align='center'>testNGTest</h2><table border='1' align="center">
<tr>
<td>Tests passed/Failed/Skipped:</td><td>15/8/1</td>
</tr><tr>
<td>Started on:</td><td>Sun Jun 13 18:34:24 IST 2021</td>
</tr>
<tr><td>Total time:</td><td>18 seconds (18028 ms)</td>
</tr><tr>
<td>Included groups:</td><td></td>
</tr><tr>
<td>Excluded groups:</td><td></td>
</tr>
</table><p/>
<small><i>(Hover the method name to see the test class name)</i></small><p/>
<table width='100%' border='1' class='invocation-failed'>
<tr><td colspan='4' align='center'><b>FAILED TESTS</b></td></tr>
<tr><td><b>Test method</b></td>
<td width="30%"><b>Exception</b></td>
<td width="10%"><b>Time (seconds)</b></td>
<td><b>Instance</b></td>
</tr>
<tr>
<td title='tesNGBasics.testNGListener.facebookLoginPassword()'><b>facebookLoginPassword</b><br>Test class: tesNGBasics.testNGListener</td>
<td><div><pre>org.openqa.selenium.NoSuchElementException: no such element: Unable to locate element: {&quot;method&quot;:&quot;xpath&quot;,&quot;selector&quot;:&quot;//input[@id=&apos;pas&apos;]&quot;}
  (Session info: chrome=91.0.4472.101)
For documentation on this error, please visit: https://www.seleniumhq.org/exceptions/no_such_element.html
Build info: version: &apos;3.141.59&apos;, revision: &apos;e82be7d358&apos;, time: &apos;2018-11-14T08:25:48&apos;
System info: host: &apos;DESKTOP-CUU290R&apos;, ip: &apos;192.168.180.123&apos;, os.name: &apos;Windows 10&apos;, os.arch: &apos;amd64&apos;, os.version: &apos;10.0&apos;, java.version: &apos;16.0.1&apos;
Driver info: org.openqa.selenium.chrome.ChromeDriver
Capabilities {acceptInsecureCerts: false, browserName: chrome, browserVersion: 91.0.4472.101, chrome: {chromedriverVersion: 91.0.4472.19 (1bf021f248676..., userDataDir: C:\Users\SACHIN~1\AppData\L...}, goog:chromeOptions: {debuggerAddress: localhost:54301}, javascriptEnabled: true, networkConnectionEnabled: false, pageLoadStrategy: normal, platform: WINDOWS, platformName: WINDOWS, proxy: Proxy(), setWindowRect: true, strictFileInteractability: false, timeouts: {implicit: 0, pageLoad: 300000, script: 30000}, unhandledPromptBehavior: dismiss and notify, webauthn:extension:largeBlob: true, webauthn:virtualAuthenticators: true}
Session ID: edd7009efbed335fa4241d8c81c7222d
*** Element info: {Using=xpath, value=//input[@id=&apos;pas&apos;]}
	at org.openqa.selenium.remote.http.W3CHttpResponseCodec.createException(W3CHttpResponseCodec.java:187)
	at org.openqa.selenium.remote.http.W3CHttpResponseCodec.decode(W3CHttpResponseCodec.java:122)
	at org.openqa.selenium.remote.http.W3CHttpResponseCodec.decode(W3CHttpResponseCodec.java:49)
	at org.openqa.selenium.remote.HttpCommandExecutor.execute(HttpCommandExecutor.java:158)
	at org.openqa.selenium.remote.service.DriverCommandExecutor.execute(DriverCommandExecutor.java:83)
	at org.openqa.selenium.remote.RemoteWebDriver.execute(RemoteWebDriver.java:552)
	at org.openqa.selenium.remote.RemoteWebDriver.findElement(RemoteWebDriver.java:323)
	at org.openqa.selenium.remote.RemoteWebDriver.findElementByXPath(RemoteWebDriver.java:428)
	at org.openqa.selenium.By$ByXPath.findElement(By.java:353)
	at org.openqa.selenium.remote.RemoteWebDriver.findElement(RemoteWebDriver.java:315)
	at tesNGBasics.testNGListener.facebookLoginPassword(testNGListener.java:57)
	at java.base/java.util.concurrent.ThreadPoolExecutor.runWorker(ThreadPoolExecutor.java:1130)
	at java.base/java.util.concurrent.ThreadPoolExecutor$Worker.run(ThreadPoolExecutor.java:630)
	at java.base/java.lang.Thread.run(Thread.java:831)
... Removed 15 stack frames</pre></div><a href='#' onClick='toggleBox("stack-trace1242217486", this, "Click to show all stack frames", "Click to hide stack frames")'>Click to show all stack frames</a>
<div class='stack-trace' id='stack-trace1242217486'><pre>org.openqa.selenium.NoSuchElementException: no such element: Unable to locate element: {&quot;method&quot;:&quot;xpath&quot;,&quot;selector&quot;:&quot;//input[@id=&apos;pas&apos;]&quot;}
  (Session info: chrome=91.0.4472.101)
For documentation on this error, please visit: https://www.seleniumhq.org/exceptions/no_such_element.html
Build info: version: &apos;3.141.59&apos;, revision: &apos;e82be7d358&apos;, time: &apos;2018-11-14T08:25:48&apos;
System info: host: &apos;DESKTOP-CUU290R&apos;, ip: &apos;192.168.180.123&apos;, os.name: &apos;Windows 10&apos;, os.arch: &apos;amd64&apos;, os.version: &apos;10.0&apos;, java.version: &apos;16.0.1&apos;
Driver info: org.openqa.selenium.chrome.ChromeDriver
Capabilities {acceptInsecureCerts: false, browserName: chrome, browserVersion: 91.0.4472.101, chrome: {chromedriverVersion: 91.0.4472.19 (1bf021f248676..., userDataDir: C:\Users\SACHIN~1\AppData\L...}, goog:chromeOptions: {debuggerAddress: localhost:54301}, javascriptEnabled: true, networkConnectionEnabled: false, pageLoadStrategy: normal, platform: WINDOWS, platformName: WINDOWS, proxy: Proxy(), setWindowRect: true, strictFileInteractability: false, timeouts: {implicit: 0, pageLoad: 300000, script: 30000}, unhandledPromptBehavior: dismiss and notify, webauthn:extension:largeBlob: true, webauthn:virtualAuthenticators: true}
Session ID: edd7009efbed335fa4241d8c81c7222d
*** Element info: {Using=xpath, value=//input[@id=&apos;pas&apos;]}
	at java.base/jdk.internal.reflect.NativeConstructorAccessorImpl.newInstance0(Native Method)
	at java.base/jdk.internal.reflect.NativeConstructorAccessorImpl.newInstance(NativeConstructorAccessorImpl.java:78)
	at java.base/jdk.internal.reflect.DelegatingConstructorAccessorImpl.newInstance(DelegatingConstructorAccessorImpl.java:45)
	at java.base/java.lang.reflect.Constructor.newInstanceWithCaller(Constructor.java:499)
	at java.base/java.lang.reflect.Constructor.newInstance(Constructor.java:480)
	at org.openqa.selenium.remote.http.W3CHttpResponseCodec.createException(W3CHttpResponseCodec.java:187)
	at org.openqa.selenium.remote.http.W3CHttpResponseCodec.decode(W3CHttpResponseCodec.java:122)
	at org.openqa.selenium.remote.http.W3CHttpResponseCodec.decode(W3CHttpResponseCodec.java:49)
	at org.openqa.selenium.remote.HttpCommandExecutor.execute(HttpCommandExecutor.java:158)
	at org.openqa.selenium.remote.service.DriverCommandExecutor.execute(DriverCommandExecutor.java:83)
	at org.openqa.selenium.remote.RemoteWebDriver.execute(RemoteWebDriver.java:552)
	at org.openqa.selenium.remote.RemoteWebDriver.findElement(RemoteWebDriver.java:323)
	at org.openqa.selenium.remote.RemoteWebDriver.findElementByXPath(RemoteWebDriver.java:428)
	at org.openqa.selenium.By$ByXPath.findElement(By.java:353)
	at org.openqa.selenium.remote.RemoteWebDriver.findElement(RemoteWebDriver.java:315)
	at tesNGBasics.testNGListener.facebookLoginPassword(testNGListener.java:57)
	at java.base/jdk.internal.reflect.NativeMethodAccessorImpl.invoke0(Native Method)
	at java.base/jdk.internal.reflect.NativeMethodAccessorImpl.invoke(NativeMethodAccessorImpl.java:78)
	at java.base/jdk.internal.reflect.DelegatingMethodAccessorImpl.invoke(DelegatingMethodAccessorImpl.java:43)
	at java.base/java.lang.reflect.Method.invoke(Method.java:567)
	at org.testng.internal.MethodInvocationHelper.invokeMethod(MethodInvocationHelper.java:124)
	at org.testng.internal.Invoker.invokeMethod(Invoker.java:583)
	at org.testng.internal.Invoker.invokeTestMethod(Invoker.java:719)
	at org.testng.internal.Invoker.invokeTestMethods(Invoker.java:989)
	at org.testng.internal.TestMethodWorker.invokeTestMethods(TestMethodWorker.java:125)
	at org.testng.internal.TestMethodWorker.run(TestMethodWorker.java:109)
	at java.base/java.util.concurrent.ThreadPoolExecutor.runWorker(ThreadPoolExecutor.java:1130)
	at java.base/java.util.concurrent.ThreadPoolExecutor$Worker.run(ThreadPoolExecutor.java:630)
	at java.base/java.lang.Thread.run(Thread.java:831)
</pre></div></td>
<td>5</td>
<td>tesNGBasics.testNGListener@4c60d6e9</td></tr>
<tr>
<td title='tesNGBasics.test1Class.method3()'><b>method3</b><br>Test class: tesNGBasics.test1Class</td>
<td><div><pre>java.lang.AssertionError: null
	at tesNGBasics.test1Class.method3(test1Class.java:58)
	at java.base/java.util.concurrent.ThreadPoolExecutor.runWorker(ThreadPoolExecutor.java:1130)
	at java.base/java.util.concurrent.ThreadPoolExecutor$Worker.run(ThreadPoolExecutor.java:630)
	at java.base/java.lang.Thread.run(Thread.java:831)
... Removed 12 stack frames</pre></div><a href='#' onClick='toggleBox("stack-trace631413056", this, "Click to show all stack frames", "Click to hide stack frames")'>Click to show all stack frames</a>
<div class='stack-trace' id='stack-trace631413056'><pre>java.lang.AssertionError: null
	at org.testng.Assert.fail(Assert.java:96)
	at org.testng.Assert.fail(Assert.java:103)
	at tesNGBasics.test1Class.method3(test1Class.java:58)
	at java.base/jdk.internal.reflect.NativeMethodAccessorImpl.invoke0(Native Method)
	at java.base/jdk.internal.reflect.NativeMethodAccessorImpl.invoke(NativeMethodAccessorImpl.java:78)
	at java.base/jdk.internal.reflect.DelegatingMethodAccessorImpl.invoke(DelegatingMethodAccessorImpl.java:43)
	at java.base/java.lang.reflect.Method.invoke(Method.java:567)
	at org.testng.internal.MethodInvocationHelper.invokeMethod(MethodInvocationHelper.java:124)
	at org.testng.internal.Invoker.invokeMethod(Invoker.java:583)
	at org.testng.internal.Invoker.invokeTestMethod(Invoker.java:719)
	at org.testng.internal.Invoker.invokeTestMethods(Invoker.java:989)
	at org.testng.internal.TestMethodWorker.invokeTestMethods(TestMethodWorker.java:125)
	at org.testng.internal.TestMethodWorker.run(TestMethodWorker.java:109)
	at java.base/java.util.concurrent.ThreadPoolExecutor.runWorker(ThreadPoolExecutor.java:1130)
	at java.base/java.util.concurrent.ThreadPoolExecutor$Worker.run(ThreadPoolExecutor.java:630)
	at java.base/java.lang.Thread.run(Thread.java:831)
</pre></div></td>
<td>0</td>
<td>tesNGBasics.test1Class@75437611</td></tr>
<tr>
<td title='tesNGBasics.testNGKeywords.method3()'><b>method3</b><br>Test class: tesNGBasics.testNGKeywords<br/>
<a href="#Output-954050762" onClick='toggleBox("Output-954050762", this, "Show output", "Hide output");'>Show output</a>

<a href="#Output-954050762" onClick="toggleAllBoxes();">Show all outputs</a>
<div class='log' id="Output-954050762">
Method-3<br/>
</div>
</td>
<td><div><pre>java.lang.AssertionError: null
	at tesNGBasics.testNGKeywords.method3(testNGKeywords.java:34)
	at java.base/java.util.concurrent.ThreadPoolExecutor.runWorker(ThreadPoolExecutor.java:1130)
	at java.base/java.util.concurrent.ThreadPoolExecutor$Worker.run(ThreadPoolExecutor.java:630)
	at java.base/java.lang.Thread.run(Thread.java:831)
... Removed 12 stack frames</pre></div><a href='#' onClick='toggleBox("stack-trace954050762", this, "Click to show all stack frames", "Click to hide stack frames")'>Click to show all stack frames</a>
<div class='stack-trace' id='stack-trace954050762'><pre>java.lang.AssertionError: null
	at org.testng.Assert.fail(Assert.java:96)
	at org.testng.Assert.fail(Assert.java:103)
	at tesNGBasics.testNGKeywords.method3(testNGKeywords.java:34)
	at java.base/jdk.internal.reflect.NativeMethodAccessorImpl.invoke0(Native Method)
	at java.base/jdk.internal.reflect.NativeMethodAccessorImpl.invoke(NativeMethodAccessorImpl.java:78)
	at java.base/jdk.internal.reflect.DelegatingMethodAccessorImpl.invoke(DelegatingMethodAccessorImpl.java:43)
	at java.base/java.lang.reflect.Method.invoke(Method.java:567)
	at org.testng.internal.MethodInvocationHelper.invokeMethod(MethodInvocationHelper.java:124)
	at org.testng.internal.Invoker.invokeMethod(Invoker.java:583)
	at org.testng.internal.Invoker.invokeTestMethod(Invoker.java:719)
	at org.testng.internal.Invoker.invokeTestMethods(Invoker.java:989)
	at org.testng.internal.TestMethodWorker.invokeTestMethods(TestMethodWorker.java:125)
	at org.testng.internal.TestMethodWorker.run(TestMethodWorker.java:109)
	at java.base/java.util.concurrent.ThreadPoolExecutor.runWorker(ThreadPoolExecutor.java:1130)
	at java.base/java.util.concurrent.ThreadPoolExecutor$Worker.run(ThreadPoolExecutor.java:630)
	at java.base/java.lang.Thread.run(Thread.java:831)
</pre></div></td>
<td>0</td>
<td>tesNGBasics.testNGKeywords@17f9d882</td></tr>
<tr>
<td title='tesNGBasics.testNGAssertions.test1()'><b>test1</b><br>Test class: tesNGBasics.testNGAssertions<br/>
<a href="#Output-1496866129" onClick='toggleBox("Output-1496866129", this, "Show output", "Hide output");'>Show output</a>

<a href="#Output-1496866129" onClick="toggleAllBoxes();">Show all outputs</a>
<div class='log' id="Output-1496866129">
Testing String iteration-1<br/>
</div>
</td>
<td><div><pre>java.lang.AssertionError: expected:&lt;Hello&gt; but was:&lt;Hi&gt;
	at tesNGBasics.testNGAssertions.test1(testNGAssertions.java:22)
	at java.base/java.util.concurrent.ThreadPoolExecutor.runWorker(ThreadPoolExecutor.java:1130)
	at java.base/java.util.concurrent.ThreadPoolExecutor$Worker.run(ThreadPoolExecutor.java:630)
	at java.base/java.lang.Thread.run(Thread.java:831)
... Removed 12 stack frames</pre></div><a href='#' onClick='toggleBox("stack-trace1496866129", this, "Click to show all stack frames", "Click to hide stack frames")'>Click to show all stack frames</a>
<div class='stack-trace' id='stack-trace1496866129'><pre>java.lang.AssertionError: expected:&lt;Hello&gt; but was:&lt;Hi&gt;
	at org.testng.AssertJUnit.assertEquals(AssertJUnit.java:101)
	at org.testng.AssertJUnit.assertEquals(AssertJUnit.java:108)
	at tesNGBasics.testNGAssertions.test1(testNGAssertions.java:22)
	at java.base/jdk.internal.reflect.NativeMethodAccessorImpl.invoke0(Native Method)
	at java.base/jdk.internal.reflect.NativeMethodAccessorImpl.invoke(NativeMethodAccessorImpl.java:78)
	at java.base/jdk.internal.reflect.DelegatingMethodAccessorImpl.invoke(DelegatingMethodAccessorImpl.java:43)
	at java.base/java.lang.reflect.Method.invoke(Method.java:567)
	at org.testng.internal.MethodInvocationHelper.invokeMethod(MethodInvocationHelper.java:124)
	at org.testng.internal.Invoker.invokeMethod(Invoker.java:583)
	at org.testng.internal.Invoker.invokeTestMethod(Invoker.java:719)
	at org.testng.internal.Invoker.invokeTestMethods(Invoker.java:989)
	at org.testng.internal.TestMethodWorker.invokeTestMethods(TestMethodWorker.java:125)
	at org.testng.internal.TestMethodWorker.run(TestMethodWorker.java:109)
	at java.base/java.util.concurrent.ThreadPoolExecutor.runWorker(ThreadPoolExecutor.java:1130)
	at java.base/java.util.concurrent.ThreadPoolExecutor$Worker.run(ThreadPoolExecutor.java:630)
	at java.base/java.lang.Thread.run(Thread.java:831)
</pre></div></td>
<td>0</td>
<td>tesNGBasics.testNGAssertions@79e4c792</td></tr>
<tr>
<td title='tesNGBasics.testNGAssertions.test4()'><b>test4</b><br>Test class: tesNGBasics.testNGAssertions<br/>
<a href="#Output-185987303" onClick='toggleBox("Output-185987303", this, "Show output", "Hide output");'>Show output</a>

<a href="#Output-185987303" onClick="toggleAllBoxes();">Show all outputs</a>
<div class='log' id="Output-185987303">
Testing boolean iteration-2<br/>
</div>
</td>
<td><div><pre>java.lang.AssertionError: expected [false] but found [true]
	at tesNGBasics.testNGAssertions.test4(testNGAssertions.java:51)
	at java.base/java.util.concurrent.ThreadPoolExecutor.runWorker(ThreadPoolExecutor.java:1130)
	at java.base/java.util.concurrent.ThreadPoolExecutor$Worker.run(ThreadPoolExecutor.java:630)
	at java.base/java.lang.Thread.run(Thread.java:831)
... Removed 14 stack frames</pre></div><a href='#' onClick='toggleBox("stack-trace185987303", this, "Click to show all stack frames", "Click to hide stack frames")'>Click to show all stack frames</a>
<div class='stack-trace' id='stack-trace185987303'><pre>java.lang.AssertionError: expected [false] but found [true]
	at org.testng.Assert.fail(Assert.java:96)
	at org.testng.Assert.failNotEquals(Assert.java:776)
	at org.testng.Assert.assertFalse(Assert.java:65)
	at org.testng.Assert.assertFalse(Assert.java:75)
	at tesNGBasics.testNGAssertions.test4(testNGAssertions.java:51)
	at java.base/jdk.internal.reflect.NativeMethodAccessorImpl.invoke0(Native Method)
	at java.base/jdk.internal.reflect.NativeMethodAccessorImpl.invoke(NativeMethodAccessorImpl.java:78)
	at java.base/jdk.internal.reflect.DelegatingMethodAccessorImpl.invoke(DelegatingMethodAccessorImpl.java:43)
	at java.base/java.lang.reflect.Method.invoke(Method.java:567)
	at org.testng.internal.MethodInvocationHelper.invokeMethod(MethodInvocationHelper.java:124)
	at org.testng.internal.Invoker.invokeMethod(Invoker.java:583)
	at org.testng.internal.Invoker.invokeTestMethod(Invoker.java:719)
	at org.testng.internal.Invoker.invokeTestMethods(Invoker.java:989)
	at org.testng.internal.TestMethodWorker.invokeTestMethods(TestMethodWorker.java:125)
	at org.testng.internal.TestMethodWorker.run(TestMethodWorker.java:109)
	at java.base/java.util.concurrent.ThreadPoolExecutor.runWorker(ThreadPoolExecutor.java:1130)
	at java.base/java.util.concurrent.ThreadPoolExecutor$Worker.run(ThreadPoolExecutor.java:630)
	at java.base/java.lang.Thread.run(Thread.java:831)
</pre></div></td>
<td>0</td>
<td>tesNGBasics.testNGAssertions@79e4c792</td></tr>
<tr>
<td title='tesNGBasics.testNGAssertions.test7()'><b>test7</b><br>Test class: tesNGBasics.testNGAssertions<br/>
<a href="#Output-1637789595" onClick='toggleBox("Output-1637789595", this, "Show output", "Hide output");'>Show output</a>

<a href="#Output-1637789595" onClick="toggleAllBoxes();">Show all outputs</a>
<div class='log' id="Output-1637789595">
Testing null iteration-2<br/>
</div>
</td>
<td><div><pre>java.lang.AssertionError: null
	at tesNGBasics.testNGAssertions.test7(testNGAssertions.java:79)
	at java.base/java.util.concurrent.ThreadPoolExecutor.runWorker(ThreadPoolExecutor.java:1130)
	at java.base/java.util.concurrent.ThreadPoolExecutor$Worker.run(ThreadPoolExecutor.java:630)
	at java.base/java.lang.Thread.run(Thread.java:831)
... Removed 12 stack frames</pre></div><a href='#' onClick='toggleBox("stack-trace1637789595", this, "Click to show all stack frames", "Click to hide stack frames")'>Click to show all stack frames</a>
<div class='stack-trace' id='stack-trace1637789595'><pre>java.lang.AssertionError: null
	at org.testng.Assert.fail(Assert.java:96)
	at org.testng.Assert.fail(Assert.java:103)
	at tesNGBasics.testNGAssertions.test7(testNGAssertions.java:79)
	at java.base/jdk.internal.reflect.NativeMethodAccessorImpl.invoke0(Native Method)
	at java.base/jdk.internal.reflect.NativeMethodAccessorImpl.invoke(NativeMethodAccessorImpl.java:78)
	at java.base/jdk.internal.reflect.DelegatingMethodAccessorImpl.invoke(DelegatingMethodAccessorImpl.java:43)
	at java.base/java.lang.reflect.Method.invoke(Method.java:567)
	at org.testng.internal.MethodInvocationHelper.invokeMethod(MethodInvocationHelper.java:124)
	at org.testng.internal.Invoker.invokeMethod(Invoker.java:583)
	at org.testng.internal.Invoker.invokeTestMethod(Invoker.java:719)
	at org.testng.internal.Invoker.invokeTestMethods(Invoker.java:989)
	at org.testng.internal.TestMethodWorker.invokeTestMethods(TestMethodWorker.java:125)
	at org.testng.internal.TestMethodWorker.run(TestMethodWorker.java:109)
	at java.base/java.util.concurrent.ThreadPoolExecutor.runWorker(ThreadPoolExecutor.java:1130)
	at java.base/java.util.concurrent.ThreadPoolExecutor$Worker.run(ThreadPoolExecutor.java:630)
	at java.base/java.lang.Thread.run(Thread.java:831)
</pre></div></td>
<td>0</td>
<td>tesNGBasics.testNGAssertions@79e4c792</td></tr>
<tr>
<td title='tesNGBasics.testNGAssertions.test8()'><b>test8</b><br>Test class: tesNGBasics.testNGAssertions<br/>
<a href="#Output-1080004421" onClick='toggleBox("Output-1080004421", this, "Show output", "Hide output");'>Show output</a>

<a href="#Output-1080004421" onClick="toggleAllBoxes();">Show all outputs</a>
<div class='log' id="Output-1080004421">
Testing all Assertions<br/>
</div>
</td>
<td><div><pre>java.lang.AssertionError: expected object to not be null
	at tesNGBasics.testNGAssertions.test8(testNGAssertions.java:90)
	at java.base/java.util.concurrent.ThreadPoolExecutor.runWorker(ThreadPoolExecutor.java:1130)
	at java.base/java.util.concurrent.ThreadPoolExecutor$Worker.run(ThreadPoolExecutor.java:630)
	at java.base/java.lang.Thread.run(Thread.java:831)
... Removed 13 stack frames</pre></div><a href='#' onClick='toggleBox("stack-trace1080004421", this, "Click to show all stack frames", "Click to hide stack frames")'>Click to show all stack frames</a>
<div class='stack-trace' id='stack-trace1080004421'><pre>java.lang.AssertionError: expected object to not be null
	at org.testng.Assert.fail(Assert.java:96)
	at org.testng.Assert.assertNotNull(Assert.java:686)
	at org.testng.Assert.assertNotNull(Assert.java:671)
	at tesNGBasics.testNGAssertions.test8(testNGAssertions.java:90)
	at java.base/jdk.internal.reflect.NativeMethodAccessorImpl.invoke0(Native Method)
	at java.base/jdk.internal.reflect.NativeMethodAccessorImpl.invoke(NativeMethodAccessorImpl.java:78)
	at java.base/jdk.internal.reflect.DelegatingMethodAccessorImpl.invoke(DelegatingMethodAccessorImpl.java:43)
	at java.base/java.lang.reflect.Method.invoke(Method.java:567)
	at org.testng.internal.MethodInvocationHelper.invokeMethod(MethodInvocationHelper.java:124)
	at org.testng.internal.Invoker.invokeMethod(Invoker.java:583)
	at org.testng.internal.Invoker.invokeTestMethod(Invoker.java:719)
	at org.testng.internal.Invoker.invokeTestMethods(Invoker.java:989)
	at org.testng.internal.TestMethodWorker.invokeTestMethods(TestMethodWorker.java:125)
	at org.testng.internal.TestMethodWorker.run(TestMethodWorker.java:109)
	at java.base/java.util.concurrent.ThreadPoolExecutor.runWorker(ThreadPoolExecutor.java:1130)
	at java.base/java.util.concurrent.ThreadPoolExecutor$Worker.run(ThreadPoolExecutor.java:630)
	at java.base/java.lang.Thread.run(Thread.java:831)
</pre></div></td>
<td>0</td>
<td>tesNGBasics.testNGAssertions@79e4c792</td></tr>
<tr>
<td title='tesNGBasics.testNGAssertions.test9()'><b>test9</b><br>Test class: tesNGBasics.testNGAssertions<br/>
<a href="#Output-245941502" onClick='toggleBox("Output-245941502", this, "Show output", "Hide output");'>Show output</a>

<a href="#Output-245941502" onClick="toggleAllBoxes();">Show all outputs</a>
<div class='log' id="Output-245941502">
Testing all Assertions<br/>
</div>
</td>
<td><div><pre>java.lang.AssertionError: The following asserts failed:
	expected object to not be null
	at tesNGBasics.testNGAssertions.test9(testNGAssertions.java:109)
	at java.base/java.util.concurrent.ThreadPoolExecutor.runWorker(ThreadPoolExecutor.java:1130)
	at java.base/java.util.concurrent.ThreadPoolExecutor$Worker.run(ThreadPoolExecutor.java:630)
	at java.base/java.lang.Thread.run(Thread.java:831)
... Removed 11 stack frames</pre></div><a href='#' onClick='toggleBox("stack-trace245941502", this, "Click to show all stack frames", "Click to hide stack frames")'>Click to show all stack frames</a>
<div class='stack-trace' id='stack-trace245941502'><pre>java.lang.AssertionError: The following asserts failed:
	expected object to not be null
	at org.testng.asserts.SoftAssert.assertAll(SoftAssert.java:43)
	at tesNGBasics.testNGAssertions.test9(testNGAssertions.java:109)
	at java.base/jdk.internal.reflect.NativeMethodAccessorImpl.invoke0(Native Method)
	at java.base/jdk.internal.reflect.NativeMethodAccessorImpl.invoke(NativeMethodAccessorImpl.java:78)
	at java.base/jdk.internal.reflect.DelegatingMethodAccessorImpl.invoke(DelegatingMethodAccessorImpl.java:43)
	at java.base/java.lang.reflect.Method.invoke(Method.java:567)
	at org.testng.internal.MethodInvocationHelper.invokeMethod(MethodInvocationHelper.java:124)
	at org.testng.internal.Invoker.invokeMethod(Invoker.java:583)
	at org.testng.internal.Invoker.invokeTestMethod(Invoker.java:719)
	at org.testng.internal.Invoker.invokeTestMethods(Invoker.java:989)
	at org.testng.internal.TestMethodWorker.invokeTestMethods(TestMethodWorker.java:125)
	at org.testng.internal.TestMethodWorker.run(TestMethodWorker.java:109)
	at java.base/java.util.concurrent.ThreadPoolExecutor.runWorker(ThreadPoolExecutor.java:1130)
	at java.base/java.util.concurrent.ThreadPoolExecutor$Worker.run(ThreadPoolExecutor.java:630)
	at java.base/java.lang.Thread.run(Thread.java:831)
</pre></div></td>
<td>0</td>
<td>tesNGBasics.testNGAssertions@79e4c792</td></tr>
</table><p>
<table width='100%' border='1' class='invocation-passed'>
<tr><td colspan='4' align='center'><b>PASSED TESTS</b></td></tr>
<tr><td><b>Test method</b></td>
<td width="30%"><b>Exception</b></td>
<td width="10%"><b>Time (seconds)</b></td>
<td><b>Instance</b></td>
</tr>
<tr>
<td title='tesNGBasics.testNGListener.facebookLoginUser()'><b>facebookLoginUser</b><br>Test class: tesNGBasics.testNGListener</td>
<td></td>
<td>0</td>
<td>tesNGBasics.testNGListener@4c60d6e9</td></tr>
<tr>
<td title='tesNGBasics.testNGKeywords.method1()'><b>method1</b><br>Test class: tesNGBasics.testNGKeywords<br/>
<a href="#Output-1084054072" onClick='toggleBox("Output-1084054072", this, "Show output", "Hide output");'>Show output</a>

<a href="#Output-1084054072" onClick="toggleAllBoxes();">Show all outputs</a>
<div class='log' id="Output-1084054072">
Method-1<br/>
</div>
</td>
<td></td>
<td>0</td>
<td>tesNGBasics.testNGKeywords@17f9d882</td></tr>
<tr>
<td title='tesNGBasics.test1Class.method1()'><b>method1</b><br>Test class: tesNGBasics.test1Class<br/>
<a href="#Output-1061503229" onClick='toggleBox("Output-1061503229", this, "Show output", "Hide output");'>Show output</a>

<a href="#Output-1061503229" onClick="toggleAllBoxes();">Show all outputs</a>
<div class='log' id="Output-1061503229">
TEST-1 Reporting<br/>
</div>
</td>
<td></td>
<td>0</td>
<td>tesNGBasics.test1Class@75437611</td></tr>
<tr>
<td title='tesNGBasics.testNGKeywords.method2()'><b>method2</b><br>Test class: tesNGBasics.testNGKeywords<br/>
<a href="#Output-1086191831" onClick='toggleBox("Output-1086191831", this, "Show output", "Hide output");'>Show output</a>

<a href="#Output-1086191831" onClick="toggleAllBoxes();">Show all outputs</a>
<div class='log' id="Output-1086191831">
Method-2<br/>
</div>
</td>
<td></td>
<td>0</td>
<td>tesNGBasics.testNGKeywords@17f9d882</td></tr>
<tr>
<td title='tesNGBasics.testNGKeywords.method2()'><b>method2</b><br>Test class: tesNGBasics.testNGKeywords<br/>
<a href="#Output-431049756" onClick='toggleBox("Output-431049756", this, "Show output", "Hide output");'>Show output</a>

<a href="#Output-431049756" onClick="toggleAllBoxes();">Show all outputs</a>
<div class='log' id="Output-431049756">
Method-2<br/>
</div>
</td>
<td></td>
<td>0</td>
<td>tesNGBasics.testNGKeywords@17f9d882</td></tr>
<tr>
<td title='tesNGBasics.testNGKeywords.method2()'><b>method2</b><br>Test class: tesNGBasics.testNGKeywords<br/>
<a href="#Output-1411724274" onClick='toggleBox("Output-1411724274", this, "Show output", "Hide output");'>Show output</a>

<a href="#Output-1411724274" onClick="toggleAllBoxes();">Show all outputs</a>
<div class='log' id="Output-1411724274">
Method-2<br/>
</div>
</td>
<td></td>
<td>0</td>
<td>tesNGBasics.testNGKeywords@17f9d882</td></tr>
<tr>
<td title='tesNGBasics.test1Class.method2()'><b>method2</b><br>Test class: tesNGBasics.test1Class</td>
<td></td>
<td>0</td>
<td>tesNGBasics.test1Class@75437611</td></tr>
<tr>
<td title='tesNGBasics.testNGKeywords.method4()'><b>method4</b><br>Test class: tesNGBasics.testNGKeywords<br/>
<a href="#Output-925865755" onClick='toggleBox("Output-925865755", this, "Show output", "Hide output");'>Show output</a>

<a href="#Output-925865755" onClick="toggleAllBoxes();">Show all outputs</a>
<div class='log' id="Output-925865755">
Method-4<br/>
</div>
</td>
<td></td>
<td>0</td>
<td>tesNGBasics.testNGKeywords@17f9d882</td></tr>
<tr>
<td title='tesNGBasics.testNGKeywords.method6()'><b>method6</b><br>Test class: tesNGBasics.testNGKeywords<br/>
<a href="#Output-312385601" onClick='toggleBox("Output-312385601", this, "Show output", "Hide output");'>Show output</a>

<a href="#Output-312385601" onClick="toggleAllBoxes();">Show all outputs</a>
<div class='log' id="Output-312385601">
Method-6<br/>
</div>
</td>
<td></td>
<td>0</td>
<td>tesNGBasics.testNGKeywords@17f9d882</td></tr>
<tr>
<td title='tesNGBasics.parameterization3.test1()'><b>test1</b><br>Test class: tesNGBasics.parameterization3<br>Parameters: testUser<br/>
<a href="#Output-222092701" onClick='toggleBox("Output-222092701", this, "Show output", "Hide output");'>Show output</a>

<a href="#Output-222092701" onClick="toggleAllBoxes();">Show all outputs</a>
<div class='log' id="Output-222092701">
testUser<br/>
</div>
</td>
<td></td>
<td>0</td>
<td>tesNGBasics.parameterization3@196a42c3</td></tr>
<tr>
<td title='tesNGBasics.parameterization3.test2()'><b>test2</b><br>Test class: tesNGBasics.parameterization3<br>Parameters: Prashant, prash123</td>
<td></td>
<td>0</td>
<td>tesNGBasics.parameterization3@196a42c3</td></tr>
<tr>
<td title='tesNGBasics.parameterization3.test2()'><b>test2</b><br>Test class: tesNGBasics.parameterization3<br>Parameters: Abhi, abhi456</td>
<td></td>
<td>0</td>
<td>tesNGBasics.parameterization3@196a42c3</td></tr>
<tr>
<td title='tesNGBasics.testNGAssertions.test3()'><b>test3</b><br>Test class: tesNGBasics.testNGAssertions<br/>
<a href="#Output-1272218415" onClick='toggleBox("Output-1272218415", this, "Show output", "Hide output");'>Show output</a>

<a href="#Output-1272218415" onClick="toggleAllBoxes();">Show all outputs</a>
<div class='log' id="Output-1272218415">
Testing boolean iteration-1<br/>
</div>
</td>
<td></td>
<td>0</td>
<td>tesNGBasics.testNGAssertions@79e4c792</td></tr>
<tr>
<td title='tesNGBasics.testNGAssertions.test5()'><b>test5</b><br>Test class: tesNGBasics.testNGAssertions<br/>
<a href="#Output-1783575857" onClick='toggleBox("Output-1783575857", this, "Show output", "Hide output");'>Show output</a>

<a href="#Output-1783575857" onClick="toggleAllBoxes();">Show all outputs</a>
<div class='log' id="Output-1783575857">
Testing null iteration-1<br/>
</div>
</td>
<td></td>
<td>0</td>
<td>tesNGBasics.testNGAssertions@79e4c792</td></tr>
<tr>
<td title='tesNGBasics.testNGAssertions.test6()'><b>test6</b><br>Test class: tesNGBasics.testNGAssertions<br/>
<a href="#Output-1842708863" onClick='toggleBox("Output-1842708863", this, "Show output", "Hide output");'>Show output</a>

<a href="#Output-1842708863" onClick="toggleAllBoxes();">Show all outputs</a>
<div class='log' id="Output-1842708863">
Testing null iteration-2<br/>
</div>
</td>
<td></td>
<td>0</td>
<td>tesNGBasics.testNGAssertions@79e4c792</td></tr>
</table><p>
<table width='100%' border='1' class='invocation-skipped'>
<tr><td colspan='4' align='center'><b>SKIPPED TESTS</b></td></tr>
<tr><td><b>Test method</b></td>
<td width="30%"><b>Exception</b></td>
<td width="10%"><b>Time (seconds)</b></td>
<td><b>Instance</b></td>
</tr>
<tr>
<td title='tesNGBasics.testNGKeywords.method5()'><b>method5</b><br>Test class: tesNGBasics.testNGKeywords</td>
<td><div><pre>java.lang.Throwable: Method testNGKeywords.method5()[pri:0, instance:tesNGBasics.testNGKeywords@17f9d882] depends on not successfully finished methods
	at java.base/java.util.concurrent.ThreadPoolExecutor.runWorker(ThreadPoolExecutor.java:1130)
	at java.base/java.util.concurrent.ThreadPoolExecutor$Worker.run(ThreadPoolExecutor.java:630)
	at java.base/java.lang.Thread.run(Thread.java:831)
... Removed 3 stack frames</pre></div><a href='#' onClick='toggleBox("stack-trace1650583653", this, "Click to show all stack frames", "Click to hide stack frames")'>Click to show all stack frames</a>
<div class='stack-trace' id='stack-trace1650583653'><pre>java.lang.Throwable: Method testNGKeywords.method5()[pri:0, instance:tesNGBasics.testNGKeywords@17f9d882] depends on not successfully finished methods
	at org.testng.internal.Invoker.invokeTestMethods(Invoker.java:888)
	at org.testng.internal.TestMethodWorker.invokeTestMethods(TestMethodWorker.java:125)
	at org.testng.internal.TestMethodWorker.run(TestMethodWorker.java:109)
	at java.base/java.util.concurrent.ThreadPoolExecutor.runWorker(ThreadPoolExecutor.java:1130)
	at java.base/java.util.concurrent.ThreadPoolExecutor$Worker.run(ThreadPoolExecutor.java:630)
	at java.base/java.lang.Thread.run(Thread.java:831)
</pre></div></td>
<td>0</td>
<td>null</td></tr>
</table><p>
</body>
</html>