<?xml version="1.0" encoding="UTF-8"?>
<!-- Generated by org.testng.reporters.JUnitXMLReporter -->
<testsuite ignored="1" hostname="DESKTOP-CUU290R" failures="8" tests="24" name="testNGTest" time="18.028" errors="0" timestamp="13 Jun 2021 13:04:42 GMT">
  <testcase classname="tesNGBasics.testNGKeywords" name="method2" time="0.008"/>
  <testcase classname="tesNGBasics.testNGKeywords" name="method1" time="0.011"/>
  <testcase classname="tesNGBasics.test1Class" name="method1" time="0.006"/>
  <testcase classname="tesNGBasics.testNGKeywords" name="method6" time="0.027"/>
  <testcase classname="tesNGBasics.testNGKeywords" name="method2" time="0.004"/>
  <testcase classname="tesNGBasics.testNGKeywords" name="method2" time="0.001"/>
  <testcase classname="tesNGBasics.test1Class" name="method3" time="0.01">
    <failure type="java.lang.AssertionError" message="null">
      <![CDATA[java.lang.AssertionError: null
at tesNGBasics.test1Class.method3(test1Class.java:58)
at java.base/java.util.concurrent.ThreadPoolExecutor.runWorker(ThreadPoolExecutor.java:1130)
at java.base/java.util.concurrent.ThreadPoolExecutor$Worker.run(ThreadPoolExecutor.java:630)
at java.base/java.lang.Thread.run(Thread.java:831)
... Removed 12 stack frames]]>
    </failure>
  </testcase> <!-- method3 -->
  <testcase classname="tesNGBasics.testNGAssertions" name="test1" time="0.021">
    <failure type="java.lang.AssertionError" message="expected:&amp;lt;Hello&amp;gt; but was:&amp;lt;Hi&amp;gt;">
      <![CDATA[java.lang.AssertionError: expected:<Hello> but was:<Hi>
at tesNGBasics.testNGAssertions.test1(testNGAssertions.java:22)
at java.base/java.util.concurrent.ThreadPoolExecutor.runWorker(ThreadPoolExecutor.java:1130)
at java.base/java.util.concurrent.ThreadPoolExecutor$Worker.run(ThreadPoolExecutor.java:630)
at java.base/java.lang.Thread.run(Thread.java:831)
... Removed 12 stack frames]]>
    </failure>
  </testcase> <!-- test1 -->
  <testcase classname="tesNGBasics.test1Class" name="method2" time="0.096"/>
  <testcase classname="tesNGBasics.testNGAssertions" name="test5" time="0.002"/>
  <testcase classname="tesNGBasics.testNGAssertions" name="test6" time="0.003"/>
  <testcase classname="tesNGBasics.testNGAssertions" name="test7" time="0.002">
    <failure type="java.lang.AssertionError" message="null">
      <![CDATA[java.lang.AssertionError: null
at tesNGBasics.testNGAssertions.test7(testNGAssertions.java:79)
at java.base/java.util.concurrent.ThreadPoolExecutor.runWorker(ThreadPoolExecutor.java:1130)
at java.base/java.util.concurrent.ThreadPoolExecutor$Worker.run(ThreadPoolExecutor.java:630)
at java.base/java.lang.Thread.run(Thread.java:831)
... Removed 12 stack frames]]>
    </failure>
  </testcase> <!-- test7 -->
  <testcase classname="tesNGBasics.testNGAssertions" name="test8" time="0.003">
    <failure type="java.lang.AssertionError" message="expected object to not be null">
      <![CDATA[java.lang.AssertionError: expected object to not be null
at tesNGBasics.testNGAssertions.test8(testNGAssertions.java:90)
at java.base/java.util.concurrent.ThreadPoolExecutor.runWorker(ThreadPoolExecutor.java:1130)
at java.base/java.util.concurrent.ThreadPoolExecutor$Worker.run(ThreadPoolExecutor.java:630)
at java.base/java.lang.Thread.run(Thread.java:831)
... Removed 13 stack frames]]>
    </failure>
  </testcase> <!-- test8 -->
  <testcase classname="tesNGBasics.testNGAssertions" name="test3" time="0.097"/>
  <testcase classname="tesNGBasics.testNGAssertions" name="test9" time="0.01">
    <failure type="java.lang.AssertionError" message="The following asserts failed:
	expected object to not be null">
      <![CDATA[java.lang.AssertionError: The following asserts failed:
expected object to not be null
at tesNGBasics.testNGAssertions.test9(testNGAssertions.java:109)
at java.base/java.util.concurrent.ThreadPoolExecutor.runWorker(ThreadPoolExecutor.java:1130)
at java.base/java.util.concurrent.ThreadPoolExecutor$Worker.run(ThreadPoolExecutor.java:630)
at java.base/java.lang.Thread.run(Thread.java:831)
... Removed 11 stack frames]]>
    </failure>
  </testcase> <!-- test9 -->
  <testcase classname="tesNGBasics.parameterization3" name="test1" time="0.01"/>
  <testcase classname="tesNGBasics.testNGAssertions" name="test4" time="0.009">
    <failure type="java.lang.AssertionError" message="expected [false] but found [true]">
      <![CDATA[java.lang.AssertionError: expected [false] but found [true]
at tesNGBasics.testNGAssertions.test4(testNGAssertions.java:51)
at java.base/java.util.concurrent.ThreadPoolExecutor.runWorker(ThreadPoolExecutor.java:1130)
at java.base/java.util.concurrent.ThreadPoolExecutor$Worker.run(ThreadPoolExecutor.java:630)
at java.base/java.lang.Thread.run(Thread.java:831)
... Removed 14 stack frames]]>
    </failure>
  </testcase> <!-- test4 -->
  <testcase classname="tesNGBasics.parameterization3" name="test2" time="0.031"/>
  <testcase classname="tesNGBasics.parameterization3" name="test2" time="0.002"/>
  <testcase classname="tesNGBasics.testNGListener" name="facebookLoginUser" time="0.128"/>
  <testcase classname="tesNGBasics.testNGListener" name="facebookLoginPassword" time="5.102">
    <failure type="org.openqa.selenium.NoSuchElementException" message="no such element: Unable to locate element: {&amp;quot;method&amp;quot;:&amp;quot;xpath&amp;quot;,&amp;quot;selector&amp;quot;:&amp;quot;//input[@id=&amp;apos;pas&amp;apos;]&amp;quot;}
  (Session info: chrome=91.0.4472.101)
For documentation on this error, please visit: https://www.seleniumhq.org/exceptions/no_such_element.html
Build info: version: &amp;apos;3.141.59&amp;apos;, revision: &amp;apos;e82be7d358&amp;apos;, time: &amp;apos;2018-11-14T08:25:48&amp;apos;
System info: host: &amp;apos;DESKTOP-CUU290R&amp;apos;, ip: &amp;apos;192.168.180.123&amp;apos;, os.name: &amp;apos;Windows 10&amp;apos;, os.arch: &amp;apos;amd64&amp;apos;, os.version: &amp;apos;10.0&amp;apos;, java.version: &amp;apos;16.0.1&amp;apos;
Driver info: org.openqa.selenium.chrome.ChromeDriver
Capabilities {acceptInsecureCerts: false, browserName: chrome, browserVersion: 91.0.4472.101, chrome: {chromedriverVersion: 91.0.4472.19 (1bf021f248676..., userDataDir: C:\Users\SACHIN~1\AppData\L...}, goog:chromeOptions: {debuggerAddress: localhost:54301}, javascriptEnabled: true, networkConnectionEnabled: false, pageLoadStrategy: normal, platform: WINDOWS, platformName: WINDOWS, proxy: Proxy(), setWindowRect: true, strictFileInteractability: false, timeouts: {implicit: 0, pageLoad: 300000, script: 30000}, unhandledPromptBehavior: dismiss and notify, webauthn:extension:largeBlob: true, webauthn:virtualAuthenticators: true}
Session ID: edd7009efbed335fa4241d8c81c7222d
*** Element info: {Using=xpath, value=//input[@id=&amp;apos;pas&amp;apos;]}">
      <![CDATA[org.openqa.selenium.NoSuchElementException: no such element: Unable to locate element: {"method":"xpath","selector":"//input[@id='pas']"}
  (Session info: chrome=91.0.4472.101)
For documentation on this error, please visit: https://www.seleniumhq.org/exceptions/no_such_element.html
Build info: version: '3.141.59', revision: 'e82be7d358', time: '2018-11-14T08:25:48'
System info: host: 'DESKTOP-CUU290R', ip: '192.168.180.123', os.name: 'Windows 10', os.arch: 'amd64', os.version: '10.0', java.version: '16.0.1'
Driver info: org.openqa.selenium.chrome.ChromeDriver
Capabilities {acceptInsecureCerts: false, browserName: chrome, browserVersion: 91.0.4472.101, chrome: {chromedriverVersion: 91.0.4472.19 (1bf021f248676..., userDataDir: C:\Users\SACHIN~1\AppData\L...}, goog:chromeOptions: {debuggerAddress: localhost:54301}, javascriptEnabled: true, networkConnectionEnabled: false, pageLoadStrategy: normal, platform: WINDOWS, platformName: WINDOWS, proxy: Proxy(), setWindowRect: true, strictFileInteractability: false, timeouts: {implicit: 0, pageLoad: 300000, script: 30000}, unhandledPromptBehavior: dismiss and notify, webauthn:extension:largeBlob: true, webauthn:virtualAuthenticators: true}
Session ID: edd7009efbed335fa4241d8c81c7222d
*** Element info: {Using=xpath, value=//input[@id='pas']}
at org.openqa.selenium.remote.http.W3CHttpResponseCodec.createException(W3CHttpResponseCodec.java:187)
at org.openqa.selenium.remote.http.W3CHttpResponseCodec.decode(W3CHttpResponseCodec.java:122)
at org.openqa.selenium.remote.http.W3CHttpResponseCodec.decode(W3CHttpResponseCodec.java:49)
at org.openqa.selenium.remote.HttpCommandExecutor.execute(HttpCommandExecutor.java:158)
at org.openqa.selenium.remote.service.DriverCommandExecutor.execute(DriverCommandExecutor.java:83)
at org.openqa.selenium.remote.RemoteWebDriver.execute(RemoteWebDriver.java:552)
at org.openqa.selenium.remote.RemoteWebDriver.findElement(RemoteWebDriver.java:323)
at org.openqa.selenium.remote.RemoteWebDriver.findElementByXPath(RemoteWebDriver.java:428)
at org.openqa.selenium.By$ByXPath.findElement(By.java:353)
at org.openqa.selenium.remote.RemoteWebDriver.findElement(RemoteWebDriver.java:315)
at tesNGBasics.testNGListener.facebookLoginPassword(testNGListener.java:57)
at java.base/java.util.concurrent.ThreadPoolExecutor.runWorker(ThreadPoolExecutor.java:1130)
at java.base/java.util.concurrent.ThreadPoolExecutor$Worker.run(ThreadPoolExecutor.java:630)
at java.base/java.lang.Thread.run(Thread.java:831)
... Removed 15 stack frames]]>
    </failure>
  </testcase> <!-- facebookLoginPassword -->
  <testcase classname="tesNGBasics.testNGKeywords" name="method3" time="0.003">
    <failure type="java.lang.AssertionError" message="null">
      <![CDATA[java.lang.AssertionError: null
at tesNGBasics.testNGKeywords.method3(testNGKeywords.java:34)
at java.base/java.util.concurrent.ThreadPoolExecutor.runWorker(ThreadPoolExecutor.java:1130)
at java.base/java.util.concurrent.ThreadPoolExecutor$Worker.run(ThreadPoolExecutor.java:630)
at java.base/java.lang.Thread.run(Thread.java:831)
... Removed 12 stack frames]]>
    </failure>
  </testcase> <!-- method3 -->
  <testcase classname="tesNGBasics.testNGKeywords" name="method5" time="0.0">
    <skipped/>
  </testcase> <!-- method5 -->
  <testcase classname="tesNGBasics.testNGKeywords" name="method4" time="0.009"/>
  <testcase classname="tesNGBasics.testNGAssertions" name="test2" time="0.0">
    <ignored/>
  </testcase> <!-- test2 -->
</testsuite> <!-- testNGTest -->
